2023-06-28 03:54:10.665 [info] Extension host with pid 193568 started
2023-06-28 03:54:10.666 [info] Skipping acquiring lock for /root/foundry/foundry-fund-me-f23/User/workspaceStorage/91565b6b1803cb487194ce1d254e7255.
2023-06-28 03:54:11.139 [info] ExtensionService#_doActivateExtension vscode.git-base, startup: true, activationEvent: '*'
2023-06-28 03:54:11.170 [info] ExtensionService#_doActivateExtension vscode.github-authentication, startup: false, activationEvent: 'onAuthenticationRequest:github'
2023-06-28 03:54:11.390 [info] ExtensionService#_doActivateExtension vscode.github, startup: true, activationEvent: '*'
2023-06-28 03:54:11.422 [info] Eager extensions activated
2023-06-28 03:54:11.437 [info] ExtensionService#_doActivateExtension vscode.debug-auto-launch, startup: false, activationEvent: 'onStartupFinished'
2023-06-28 03:54:11.444 [info] ExtensionService#_doActivateExtension vscode.merge-conflict, startup: false, activationEvent: 'onStartupFinished'
2023-06-28 03:54:11.554 [info] ExtensionService#_doActivateExtension vscode.microsoft-authentication, startup: false, activationEvent: 'onAuthenticationRequest:microsoft'
2023-06-28 03:54:13.979 [info] ExtensionService#_doActivateExtension vscode.git, startup: false, activationEvent: 'api', root cause: vscode.github
2023-06-28 03:54:14.364 [info] ExtensionService#_doActivateExtension NomicFoundation.hardhat-solidity, startup: false, activationEvent: 'workspaceContains:**/hardhat.config.{ts,js},**/foundry.toml,**/truffle-config.js,**/ape-config.yaml'
2023-06-28 03:54:16.333 [info] ExtensionService#_doActivateExtension vscode.json-language-features, startup: false, activationEvent: 'onLanguage:jsonc'
2023-06-28 03:54:16.471 [info] ExtensionService#_doActivateExtension vscode.typescript-language-features, startup: false, activationEvent: 'onLanguage:jsonc'
2023-06-28 03:54:16.558 [info] ExtensionService#_doActivateExtension vscode.emmet, startup: false, activationEvent: 'onLanguage'
2023-06-28 03:54:16.635 [error] Error: Language client is not ready yet
	at LanguageClient2.sendNotification (/root/.vscode/extensions/nomicfoundation.hardhat-solidity-0.7.3/out/extension.js:56:72901)
	at notifyTelemetryChanged (/root/.vscode/extensions/nomicfoundation.hardhat-solidity-0.7.3/out/extension.js:62:9930)
	at /root/.vscode/extensions/nomicfoundation.hardhat-solidity-0.7.3/out/extension.js:62:10195
	at v.invoke (/usr/share/code/resources/app/out/vs/workbench/api/node/extensionHostProcess.js:63:145)
	at h.deliver (/usr/share/code/resources/app/out/vs/workbench/api/node/extensionHostProcess.js:63:2121)
	at i.fire (/usr/share/code/resources/app/out/vs/workbench/api/node/extensionHostProcess.js:63:1729)
	at t.$acceptConfigurationChanged (/usr/share/code/resources/app/out/vs/workbench/api/node/extensionHostProcess.js:111:24663)
	at /usr/share/code/resources/app/out/vs/workbench/api/node/extensionHostProcess.js:111:24149
2023-06-28 03:54:50.565 [warning] [Decorations] CAPPING events from decorations provider vscode.git 956
2023-06-28 03:54:55.654 [warning] [Decorations] CAPPING events from decorations provider vscode.git 956
2023-06-28 03:56:14.642 [info] ExtensionService#_doActivateExtension vscode.npm, startup: false, activationEvent: 'onTerminalQuickFixRequest:ms-vscode.npm-command'
2023-06-28 03:57:00.358 [warning] [Decorations] CAPPING events from decorations provider vscode.git 251
2023-06-28 03:57:05.488 [warning] [Decorations] CAPPING events from decorations provider vscode.git 251
2023-06-28 03:57:10.599 [warning] [Decorations] CAPPING events from decorations provider vscode.git 251
2023-06-28 03:57:15.712 [warning] [Decorations] CAPPING events from decorations provider vscode.git 251
2023-06-28 03:57:20.814 [warning] [Decorations] CAPPING events from decorations provider vscode.git 251
2023-06-28 03:57:25.910 [warning] [Decorations] CAPPING events from decorations provider vscode.git 251
2023-06-28 03:57:31.035 [warning] [Decorations] CAPPING events from decorations provider vscode.git 251
2023-06-28 03:57:36.152 [warning] [Decorations] CAPPING events from decorations provider vscode.git 252
2023-06-28 03:57:41.264 [warning] [Decorations] CAPPING events from decorations provider vscode.git 252
2023-06-28 03:57:46.409 [warning] [Decorations] CAPPING events from decorations provider vscode.git 252
2023-06-28 03:57:51.531 [warning] [Decorations] CAPPING events from decorations provider vscode.git 252
2023-06-28 03:57:56.642 [warning] [Decorations] CAPPING events from decorations provider vscode.git 252
2023-06-28 03:58:06.921 [warning] [Decorations] CAPPING events from decorations provider vscode.git 253
2023-06-28 03:58:12.021 [warning] [Decorations] CAPPING events from decorations provider vscode.git 253
2023-06-28 03:58:17.135 [warning] [Decorations] CAPPING events from decorations provider vscode.git 253
2023-06-28 03:58:22.230 [warning] [Decorations] CAPPING events from decorations provider vscode.git 253
2023-06-28 03:58:27.332 [warning] [Decorations] CAPPING events from decorations provider vscode.git 252
2023-06-28 03:58:32.447 [warning] [Decorations] CAPPING events from decorations provider vscode.git 252
2023-06-28 03:58:37.588 [warning] [Decorations] CAPPING events from decorations provider vscode.git 252
2023-06-28 03:58:42.789 [warning] [Decorations] CAPPING events from decorations provider vscode.git 252
2023-06-28 03:58:47.907 [warning] [Decorations] CAPPING events from decorations provider vscode.git 252
2023-06-28 03:58:53.015 [warning] [Decorations] CAPPING events from decorations provider vscode.git 252
2023-06-28 03:58:58.119 [warning] [Decorations] CAPPING events from decorations provider vscode.git 252
2023-06-28 03:59:03.225 [warning] [Decorations] CAPPING events from decorations provider vscode.git 252
2023-06-28 03:59:08.329 [warning] [Decorations] CAPPING events from decorations provider vscode.git 252
2023-06-28 03:59:13.430 [warning] [Decorations] CAPPING events from decorations provider vscode.git 252
2023-06-28 03:59:18.533 [warning] [Decorations] CAPPING events from decorations provider vscode.git 254
2023-06-28 03:59:23.636 [warning] [Decorations] CAPPING events from decorations provider vscode.git 254
2023-06-28 03:59:28.738 [warning] [Decorations] CAPPING events from decorations provider vscode.git 254
2023-06-28 03:59:33.836 [warning] [Decorations] CAPPING events from decorations provider vscode.git 254
2023-06-28 03:59:38.940 [warning] [Decorations] CAPPING events from decorations provider vscode.git 254
2023-06-28 03:59:44.063 [warning] [Decorations] CAPPING events from decorations provider vscode.git 254
2023-06-28 03:59:49.175 [warning] [Decorations] CAPPING events from decorations provider vscode.git 254
2023-06-28 03:59:54.278 [warning] [Decorations] CAPPING events from decorations provider vscode.git 254
2023-06-28 03:59:59.387 [warning] [Decorations] CAPPING events from decorations provider vscode.git 254
2023-06-28 04:00:04.490 [warning] [Decorations] CAPPING events from decorations provider vscode.git 254
2023-06-28 04:00:09.596 [warning] [Decorations] CAPPING events from decorations provider vscode.git 254
2023-06-28 04:00:14.697 [warning] [Decorations] CAPPING events from decorations provider vscode.git 254
2023-06-28 04:00:19.836 [warning] [Decorations] CAPPING events from decorations provider vscode.git 254
2023-06-28 04:00:24.937 [warning] [Decorations] CAPPING events from decorations provider vscode.git 254
2023-06-28 04:00:30.035 [warning] [Decorations] CAPPING events from decorations provider vscode.git 254
2023-06-28 04:00:35.133 [warning] [Decorations] CAPPING events from decorations provider vscode.git 254
2023-06-28 04:00:40.239 [warning] [Decorations] CAPPING events from decorations provider vscode.git 254
2023-06-28 04:00:45.363 [warning] [Decorations] CAPPING events from decorations provider vscode.git 254
2023-06-28 04:00:50.459 [warning] [Decorations] CAPPING events from decorations provider vscode.git 254
2023-06-28 04:00:55.560 [warning] [Decorations] CAPPING events from decorations provider vscode.git 254
2023-06-28 04:01:00.672 [warning] [Decorations] CAPPING events from decorations provider vscode.git 254
2023-06-28 04:01:05.767 [warning] [Decorations] CAPPING events from decorations provider vscode.git 254
2023-06-28 04:01:10.879 [warning] [Decorations] CAPPING events from decorations provider vscode.git 254
2023-06-28 04:01:15.981 [warning] [Decorations] CAPPING events from decorations provider vscode.git 254
2023-06-28 04:01:21.092 [warning] [Decorations] CAPPING events from decorations provider vscode.git 254
2023-06-28 04:01:26.195 [warning] [Decorations] CAPPING events from decorations provider vscode.git 254
2023-06-28 04:01:31.296 [warning] [Decorations] CAPPING events from decorations provider vscode.git 254
2023-06-28 04:01:36.393 [warning] [Decorations] CAPPING events from decorations provider vscode.git 254
2023-06-28 04:01:41.500 [warning] [Decorations] CAPPING events from decorations provider vscode.git 254
2023-06-28 04:01:46.607 [warning] [Decorations] CAPPING events from decorations provider vscode.git 254
2023-06-28 04:01:51.717 [warning] [Decorations] CAPPING events from decorations provider vscode.git 254
2023-06-28 04:01:56.818 [warning] [Decorations] CAPPING events from decorations provider vscode.git 254
2023-06-28 04:02:01.925 [warning] [Decorations] CAPPING events from decorations provider vscode.git 254
2023-06-28 04:02:07.032 [warning] [Decorations] CAPPING events from decorations provider vscode.git 254
2023-06-28 04:02:12.136 [warning] [Decorations] CAPPING events from decorations provider vscode.git 254
2023-06-28 04:02:17.235 [warning] [Decorations] CAPPING events from decorations provider vscode.git 254
2023-06-28 04:02:22.336 [warning] [Decorations] CAPPING events from decorations provider vscode.git 254
2023-06-28 04:02:27.438 [warning] [Decorations] CAPPING events from decorations provider vscode.git 254
2023-06-28 04:02:32.544 [warning] [Decorations] CAPPING events from decorations provider vscode.git 254
2023-06-28 04:02:37.645 [warning] [Decorations] CAPPING events from decorations provider vscode.git 254
2023-06-28 04:02:42.760 [warning] [Decorations] CAPPING events from decorations provider vscode.git 254
2023-06-28 04:02:47.861 [warning] [Decorations] CAPPING events from decorations provider vscode.git 254
2023-06-28 04:02:52.961 [warning] [Decorations] CAPPING events from decorations provider vscode.git 254
2023-06-28 04:02:58.072 [warning] [Decorations] CAPPING events from decorations provider vscode.git 254
2023-06-28 04:03:03.169 [warning] [Decorations] CAPPING events from decorations provider vscode.git 254
2023-06-28 04:03:08.283 [warning] [Decorations] CAPPING events from decorations provider vscode.git 254
2023-06-28 04:03:13.386 [warning] [Decorations] CAPPING events from decorations provider vscode.git 254
2023-06-28 04:03:18.494 [warning] [Decorations] CAPPING events from decorations provider vscode.git 254
2023-06-28 04:03:23.606 [warning] [Decorations] CAPPING events from decorations provider vscode.git 254
2023-06-28 04:03:28.711 [warning] [Decorations] CAPPING events from decorations provider vscode.git 254
2023-06-28 04:03:33.821 [warning] [Decorations] CAPPING events from decorations provider vscode.git 254
2023-06-28 04:03:38.927 [warning] [Decorations] CAPPING events from decorations provider vscode.git 254
2023-06-28 04:03:44.035 [warning] [Decorations] CAPPING events from decorations provider vscode.git 254
2023-06-28 04:03:49.141 [warning] [Decorations] CAPPING events from decorations provider vscode.git 254
2023-06-28 04:03:54.241 [warning] [Decorations] CAPPING events from decorations provider vscode.git 254
2023-06-28 04:03:59.353 [warning] [Decorations] CAPPING events from decorations provider vscode.git 254
2023-06-28 04:04:04.466 [warning] [Decorations] CAPPING events from decorations provider vscode.git 254
2023-06-28 04:04:09.574 [warning] [Decorations] CAPPING events from decorations provider vscode.git 254
2023-06-28 04:04:14.697 [warning] [Decorations] CAPPING events from decorations provider vscode.git 254
2023-06-28 04:04:19.801 [warning] [Decorations] CAPPING events from decorations provider vscode.git 254
2023-06-28 04:04:24.911 [warning] [Decorations] CAPPING events from decorations provider vscode.git 254
2023-06-28 04:04:30.021 [warning] [Decorations] CAPPING events from decorations provider vscode.git 254
2023-06-28 04:04:35.124 [warning] [Decorations] CAPPING events from decorations provider vscode.git 254
2023-06-28 04:04:40.221 [warning] [Decorations] CAPPING events from decorations provider vscode.git 254
2023-06-28 04:04:45.380 [warning] [Decorations] CAPPING events from decorations provider vscode.git 254
2023-06-28 04:04:50.506 [warning] [Decorations] CAPPING events from decorations provider vscode.git 254
2023-06-28 04:04:55.613 [warning] [Decorations] CAPPING events from decorations provider vscode.git 254
2023-06-28 04:05:00.719 [warning] [Decorations] CAPPING events from decorations provider vscode.git 254
2023-06-28 04:05:05.818 [warning] [Decorations] CAPPING events from decorations provider vscode.git 254
2023-06-28 04:05:10.929 [warning] [Decorations] CAPPING events from decorations provider vscode.git 254
2023-06-28 04:05:16.043 [warning] [Decorations] CAPPING events from decorations provider vscode.git 254
2023-06-28 04:05:21.149 [warning] [Decorations] CAPPING events from decorations provider vscode.git 254
2023-06-28 04:05:26.253 [warning] [Decorations] CAPPING events from decorations provider vscode.git 254
2023-06-28 04:05:31.360 [warning] [Decorations] CAPPING events from decorations provider vscode.git 254
2023-06-28 04:05:36.466 [warning] [Decorations] CAPPING events from decorations provider vscode.git 254
2023-06-28 04:05:41.578 [warning] [Decorations] CAPPING events from decorations provider vscode.git 254
2023-06-28 04:05:46.678 [warning] [Decorations] CAPPING events from decorations provider vscode.git 254
2023-06-28 04:05:51.795 [warning] [Decorations] CAPPING events from decorations provider vscode.git 254
2023-06-28 04:05:56.895 [warning] [Decorations] CAPPING events from decorations provider vscode.git 254
2023-06-28 04:06:02.000 [warning] [Decorations] CAPPING events from decorations provider vscode.git 254
2023-06-28 04:06:07.099 [warning] [Decorations] CAPPING events from decorations provider vscode.git 254
2023-06-28 04:06:12.194 [warning] [Decorations] CAPPING events from decorations provider vscode.git 254
2023-06-28 04:06:17.306 [warning] [Decorations] CAPPING events from decorations provider vscode.git 254
2023-06-28 04:06:22.406 [warning] [Decorations] CAPPING events from decorations provider vscode.git 254
2023-06-28 04:06:27.503 [warning] [Decorations] CAPPING events from decorations provider vscode.git 254
2023-06-28 04:06:32.603 [warning] [Decorations] CAPPING events from decorations provider vscode.git 254
2023-06-28 04:06:37.705 [warning] [Decorations] CAPPING events from decorations provider vscode.git 254
2023-06-28 04:06:42.810 [warning] [Decorations] CAPPING events from decorations provider vscode.git 254
2023-06-28 04:06:47.911 [warning] [Decorations] CAPPING events from decorations provider vscode.git 254
2023-06-28 04:06:53.034 [warning] [Decorations] CAPPING events from decorations provider vscode.git 254
2023-06-28 04:06:58.136 [warning] [Decorations] CAPPING events from decorations provider vscode.git 254
2023-06-28 04:07:03.243 [warning] [Decorations] CAPPING events from decorations provider vscode.git 254
2023-06-28 04:07:08.347 [warning] [Decorations] CAPPING events from decorations provider vscode.git 254
2023-06-28 04:07:13.449 [warning] [Decorations] CAPPING events from decorations provider vscode.git 254
2023-06-28 04:07:18.557 [warning] [Decorations] CAPPING events from decorations provider vscode.git 254
2023-06-28 04:07:23.655 [warning] [Decorations] CAPPING events from decorations provider vscode.git 254
2023-06-28 04:07:28.757 [warning] [Decorations] CAPPING events from decorations provider vscode.git 254
2023-06-28 04:07:33.859 [warning] [Decorations] CAPPING events from decorations provider vscode.git 254
2023-06-28 04:07:38.958 [warning] [Decorations] CAPPING events from decorations provider vscode.git 254
2023-06-28 04:07:44.054 [warning] [Decorations] CAPPING events from decorations provider vscode.git 254
2023-06-28 04:07:49.152 [warning] [Decorations] CAPPING events from decorations provider vscode.git 254
2023-06-28 04:07:54.265 [warning] [Decorations] CAPPING events from decorations provider vscode.git 254
2023-06-28 04:07:59.365 [warning] [Decorations] CAPPING events from decorations provider vscode.git 254
2023-06-28 04:08:04.472 [warning] [Decorations] CAPPING events from decorations provider vscode.git 254
2023-06-28 04:08:09.579 [warning] [Decorations] CAPPING events from decorations provider vscode.git 254
2023-06-28 04:08:14.678 [warning] [Decorations] CAPPING events from decorations provider vscode.git 254
2023-06-28 04:08:19.785 [warning] [Decorations] CAPPING events from decorations provider vscode.git 254
2023-06-28 04:08:24.982 [warning] [Decorations] CAPPING events from decorations provider vscode.git 254
2023-06-28 04:08:30.098 [warning] [Decorations] CAPPING events from decorations provider vscode.git 254
2023-06-28 04:08:35.200 [warning] [Decorations] CAPPING events from decorations provider vscode.git 254
2023-06-28 04:08:40.303 [warning] [Decorations] CAPPING events from decorations provider vscode.git 254
2023-06-28 04:08:45.409 [warning] [Decorations] CAPPING events from decorations provider vscode.git 254
2023-06-28 04:08:50.510 [warning] [Decorations] CAPPING events from decorations provider vscode.git 254
2023-06-28 04:08:55.622 [warning] [Decorations] CAPPING events from decorations provider vscode.git 254
2023-06-28 04:09:00.729 [warning] [Decorations] CAPPING events from decorations provider vscode.git 254
2023-06-28 04:09:05.833 [warning] [Decorations] CAPPING events from decorations provider vscode.git 254
2023-06-28 04:09:10.942 [warning] [Decorations] CAPPING events from decorations provider vscode.git 254
2023-06-28 04:09:16.041 [warning] [Decorations] CAPPING events from decorations provider vscode.git 254
2023-06-28 04:09:21.149 [warning] [Decorations] CAPPING events from decorations provider vscode.git 254
2023-06-28 04:09:26.255 [warning] [Decorations] CAPPING events from decorations provider vscode.git 254
2023-06-28 04:09:31.350 [warning] [Decorations] CAPPING events from decorations provider vscode.git 254
2023-06-28 04:09:36.449 [warning] [Decorations] CAPPING events from decorations provider vscode.git 254
2023-06-28 04:09:41.571 [warning] [Decorations] CAPPING events from decorations provider vscode.git 254
2023-06-28 04:09:46.673 [warning] [Decorations] CAPPING events from decorations provider vscode.git 254
2023-06-28 04:09:51.790 [warning] [Decorations] CAPPING events from decorations provider vscode.git 254
2023-06-28 04:09:56.894 [warning] [Decorations] CAPPING events from decorations provider vscode.git 254
2023-06-28 04:10:01.997 [warning] [Decorations] CAPPING events from decorations provider vscode.git 254
2023-06-28 04:10:07.104 [warning] [Decorations] CAPPING events from decorations provider vscode.git 254
2023-06-28 04:10:12.208 [warning] [Decorations] CAPPING events from decorations provider vscode.git 254
2023-06-28 04:10:17.319 [warning] [Decorations] CAPPING events from decorations provider vscode.git 254
2023-06-28 04:10:22.423 [warning] [Decorations] CAPPING events from decorations provider vscode.git 254
2023-06-28 04:10:27.533 [warning] [Decorations] CAPPING events from decorations provider vscode.git 254
2023-06-28 04:10:32.637 [warning] [Decorations] CAPPING events from decorations provider vscode.git 254
2023-06-28 04:10:37.741 [warning] [Decorations] CAPPING events from decorations provider vscode.git 254
2023-06-28 04:10:42.841 [warning] [Decorations] CAPPING events from decorations provider vscode.git 254
2023-06-28 04:10:47.953 [warning] [Decorations] CAPPING events from decorations provider vscode.git 254
2023-06-28 04:10:53.060 [warning] [Decorations] CAPPING events from decorations provider vscode.git 254
2023-06-28 04:10:58.176 [warning] [Decorations] CAPPING events from decorations provider vscode.git 254
2023-06-28 04:11:03.288 [warning] [Decorations] CAPPING events from decorations provider vscode.git 254
2023-06-28 04:11:08.383 [warning] [Decorations] CAPPING events from decorations provider vscode.git 254
2023-06-28 04:11:13.489 [warning] [Decorations] CAPPING events from decorations provider vscode.git 254
2023-06-28 04:11:18.588 [warning] [Decorations] CAPPING events from decorations provider vscode.git 254
2023-06-28 04:11:23.709 [warning] [Decorations] CAPPING events from decorations provider vscode.git 254
2023-06-28 04:11:28.825 [warning] [Decorations] CAPPING events from decorations provider vscode.git 254
2023-06-28 04:11:33.926 [warning] [Decorations] CAPPING events from decorations provider vscode.git 254
2023-06-28 04:11:39.031 [warning] [Decorations] CAPPING events from decorations provider vscode.git 254
2023-06-28 04:11:44.135 [warning] [Decorations] CAPPING events from decorations provider vscode.git 254
2023-06-28 04:11:49.242 [warning] [Decorations] CAPPING events from decorations provider vscode.git 254
2023-06-28 04:11:54.349 [warning] [Decorations] CAPPING events from decorations provider vscode.git 254
2023-06-28 04:11:59.463 [warning] [Decorations] CAPPING events from decorations provider vscode.git 254
2023-06-28 04:12:04.571 [warning] [Decorations] CAPPING events from decorations provider vscode.git 254
2023-06-28 04:12:09.666 [warning] [Decorations] CAPPING events from decorations provider vscode.git 254
2023-06-28 04:12:14.762 [warning] [Decorations] CAPPING events from decorations provider vscode.git 254
2023-06-28 04:12:19.858 [warning] [Decorations] CAPPING events from decorations provider vscode.git 254
2023-06-28 04:12:24.973 [warning] [Decorations] CAPPING events from decorations provider vscode.git 254
2023-06-28 04:12:30.075 [warning] [Decorations] CAPPING events from decorations provider vscode.git 254
2023-06-28 04:12:35.174 [warning] [Decorations] CAPPING events from decorations provider vscode.git 254
2023-06-28 04:12:40.272 [warning] [Decorations] CAPPING events from decorations provider vscode.git 254
2023-06-28 04:12:45.367 [warning] [Decorations] CAPPING events from decorations provider vscode.git 254
2023-06-28 04:12:50.467 [warning] [Decorations] CAPPING events from decorations provider vscode.git 254
2023-06-28 04:12:55.566 [warning] [Decorations] CAPPING events from decorations provider vscode.git 254
2023-06-28 04:13:00.676 [warning] [Decorations] CAPPING events from decorations provider vscode.git 254
2023-06-28 04:13:05.782 [warning] [Decorations] CAPPING events from decorations provider vscode.git 254
2023-06-28 04:13:10.875 [warning] [Decorations] CAPPING events from decorations provider vscode.git 254
2023-06-28 04:13:15.976 [warning] [Decorations] CAPPING events from decorations provider vscode.git 254
2023-06-28 04:13:21.076 [warning] [Decorations] CAPPING events from decorations provider vscode.git 254
2023-06-28 04:13:26.166 [warning] [Decorations] CAPPING events from decorations provider vscode.git 254
2023-06-28 04:13:31.272 [warning] [Decorations] CAPPING events from decorations provider vscode.git 254
2023-06-28 04:13:36.366 [warning] [Decorations] CAPPING events from decorations provider vscode.git 254
2023-06-28 04:13:41.468 [warning] [Decorations] CAPPING events from decorations provider vscode.git 254
2023-06-28 04:13:46.569 [warning] [Decorations] CAPPING events from decorations provider vscode.git 254
2023-06-28 04:13:51.678 [warning] [Decorations] CAPPING events from decorations provider vscode.git 254
2023-06-28 04:13:56.782 [warning] [Decorations] CAPPING events from decorations provider vscode.git 254
2023-06-28 04:14:01.903 [warning] [Decorations] CAPPING events from decorations provider vscode.git 254
2023-06-28 04:14:07.005 [warning] [Decorations] CAPPING events from decorations provider vscode.git 254
2023-06-28 04:14:12.101 [warning] [Decorations] CAPPING events from decorations provider vscode.git 254
2023-06-28 04:14:17.204 [warning] [Decorations] CAPPING events from decorations provider vscode.git 254
2023-06-28 04:14:22.299 [warning] [Decorations] CAPPING events from decorations provider vscode.git 254
2023-06-28 04:14:27.416 [warning] [Decorations] CAPPING events from decorations provider vscode.git 254
2023-06-28 04:14:32.518 [warning] [Decorations] CAPPING events from decorations provider vscode.git 254
2023-06-28 04:14:37.620 [warning] [Decorations] CAPPING events from decorations provider vscode.git 254
2023-06-28 04:14:42.717 [warning] [Decorations] CAPPING events from decorations provider vscode.git 254
2023-06-28 04:14:47.814 [warning] [Decorations] CAPPING events from decorations provider vscode.git 254
2023-06-28 04:14:52.922 [warning] [Decorations] CAPPING events from decorations provider vscode.git 254
2023-06-28 04:14:58.018 [warning] [Decorations] CAPPING events from decorations provider vscode.git 254
2023-06-28 04:15:03.119 [warning] [Decorations] CAPPING events from decorations provider vscode.git 254
2023-06-28 04:15:08.215 [warning] [Decorations] CAPPING events from decorations provider vscode.git 254
2023-06-28 04:15:13.319 [warning] [Decorations] CAPPING events from decorations provider vscode.git 254
2023-06-28 04:15:18.416 [warning] [Decorations] CAPPING events from decorations provider vscode.git 254
2023-06-28 04:15:23.521 [warning] [Decorations] CAPPING events from decorations provider vscode.git 254
2023-06-28 04:15:28.630 [warning] [Decorations] CAPPING events from decorations provider vscode.git 254
2023-06-28 04:15:33.737 [warning] [Decorations] CAPPING events from decorations provider vscode.git 254
2023-06-28 04:15:38.833 [warning] [Decorations] CAPPING events from decorations provider vscode.git 254
2023-06-28 04:15:43.935 [warning] [Decorations] CAPPING events from decorations provider vscode.git 254
2023-06-28 04:15:49.040 [warning] [Decorations] CAPPING events from decorations provider vscode.git 254
2023-06-28 04:15:54.133 [warning] [Decorations] CAPPING events from decorations provider vscode.git 254
2023-06-28 04:15:59.226 [warning] [Decorations] CAPPING events from decorations provider vscode.git 254
2023-06-28 04:16:04.387 [warning] [Decorations] CAPPING events from decorations provider vscode.git 254
2023-06-28 04:16:09.494 [warning] [Decorations] CAPPING events from decorations provider vscode.git 254
2023-06-28 04:16:14.588 [warning] [Decorations] CAPPING events from decorations provider vscode.git 254
2023-06-28 04:16:19.687 [warning] [Decorations] CAPPING events from decorations provider vscode.git 254
2023-06-28 04:16:24.789 [warning] [Decorations] CAPPING events from decorations provider vscode.git 254
2023-06-28 04:16:29.913 [warning] [Decorations] CAPPING events from decorations provider vscode.git 254
2023-06-28 04:16:35.011 [warning] [Decorations] CAPPING events from decorations provider vscode.git 254
2023-06-28 04:16:40.109 [warning] [Decorations] CAPPING events from decorations provider vscode.git 254
2023-06-28 04:16:45.208 [warning] [Decorations] CAPPING events from decorations provider vscode.git 254
2023-06-28 04:16:50.307 [warning] [Decorations] CAPPING events from decorations provider vscode.git 254
2023-06-28 04:16:55.399 [warning] [Decorations] CAPPING events from decorations provider vscode.git 254
2023-06-28 04:17:00.502 [warning] [Decorations] CAPPING events from decorations provider vscode.git 254
2023-06-28 04:17:05.618 [warning] [Decorations] CAPPING events from decorations provider vscode.git 254
2023-06-28 04:17:10.717 [warning] [Decorations] CAPPING events from decorations provider vscode.git 254
2023-06-28 04:17:15.815 [warning] [Decorations] CAPPING events from decorations provider vscode.git 254
2023-06-28 04:17:20.915 [warning] [Decorations] CAPPING events from decorations provider vscode.git 254
2023-06-28 04:17:26.016 [warning] [Decorations] CAPPING events from decorations provider vscode.git 254
2023-06-28 04:17:31.122 [warning] [Decorations] CAPPING events from decorations provider vscode.git 254
2023-06-28 04:17:36.231 [warning] [Decorations] CAPPING events from decorations provider vscode.git 254
2023-06-28 04:17:41.323 [warning] [Decorations] CAPPING events from decorations provider vscode.git 254
2023-06-28 04:17:46.441 [warning] [Decorations] CAPPING events from decorations provider vscode.git 254
2023-06-28 04:17:51.547 [warning] [Decorations] CAPPING events from decorations provider vscode.git 254
2023-06-28 04:17:56.657 [warning] [Decorations] CAPPING events from decorations provider vscode.git 254
2023-06-28 04:18:01.768 [warning] [Decorations] CAPPING events from decorations provider vscode.git 254
2023-06-28 04:18:06.868 [warning] [Decorations] CAPPING events from decorations provider vscode.git 254
2023-06-28 04:18:11.973 [warning] [Decorations] CAPPING events from decorations provider vscode.git 254
2023-06-28 04:18:17.074 [warning] [Decorations] CAPPING events from decorations provider vscode.git 254
2023-06-28 04:18:22.169 [warning] [Decorations] CAPPING events from decorations provider vscode.git 254
2023-06-28 04:18:27.270 [warning] [Decorations] CAPPING events from decorations provider vscode.git 254
2023-06-28 04:18:32.381 [warning] [Decorations] CAPPING events from decorations provider vscode.git 254
2023-06-28 04:18:37.484 [warning] [Decorations] CAPPING events from decorations provider vscode.git 254
2023-06-28 04:18:42.583 [warning] [Decorations] CAPPING events from decorations provider vscode.git 254
2023-06-28 04:18:47.689 [warning] [Decorations] CAPPING events from decorations provider vscode.git 254
2023-06-28 04:18:52.787 [warning] [Decorations] CAPPING events from decorations provider vscode.git 254
2023-06-28 04:18:57.910 [warning] [Decorations] CAPPING events from decorations provider vscode.git 254
2023-06-28 04:19:03.018 [warning] [Decorations] CAPPING events from decorations provider vscode.git 254
2023-06-28 04:19:08.116 [warning] [Decorations] CAPPING events from decorations provider vscode.git 254
2023-06-28 04:19:13.215 [warning] [Decorations] CAPPING events from decorations provider vscode.git 254
2023-06-28 04:19:18.314 [warning] [Decorations] CAPPING events from decorations provider vscode.git 254
2023-06-28 04:19:23.419 [warning] [Decorations] CAPPING events from decorations provider vscode.git 254
2023-06-28 04:19:28.523 [warning] [Decorations] CAPPING events from decorations provider vscode.git 254
2023-06-28 04:19:33.651 [warning] [Decorations] CAPPING events from decorations provider vscode.git 254
2023-06-28 04:19:38.745 [warning] [Decorations] CAPPING events from decorations provider vscode.git 254
2023-06-28 04:19:43.849 [warning] [Decorations] CAPPING events from decorations provider vscode.git 254
2023-06-28 04:19:48.948 [warning] [Decorations] CAPPING events from decorations provider vscode.git 254
2023-06-28 04:19:54.041 [warning] [Decorations] CAPPING events from decorations provider vscode.git 254
2023-06-28 04:19:59.152 [warning] [Decorations] CAPPING events from decorations provider vscode.git 254
2023-06-28 04:20:04.258 [warning] [Decorations] CAPPING events from decorations provider vscode.git 254
2023-06-28 04:20:09.361 [warning] [Decorations] CAPPING events from decorations provider vscode.git 254
2023-06-28 04:20:14.462 [warning] [Decorations] CAPPING events from decorations provider vscode.git 254
2023-06-28 04:20:19.574 [warning] [Decorations] CAPPING events from decorations provider vscode.git 254
2023-06-28 04:20:24.677 [warning] [Decorations] CAPPING events from decorations provider vscode.git 254
2023-06-28 04:20:29.788 [warning] [Decorations] CAPPING events from decorations provider vscode.git 254
2023-06-28 04:20:34.908 [warning] [Decorations] CAPPING events from decorations provider vscode.git 254
2023-06-28 04:20:40.018 [warning] [Decorations] CAPPING events from decorations provider vscode.git 254
2023-06-28 04:20:45.118 [warning] [Decorations] CAPPING events from decorations provider vscode.git 254
2023-06-28 04:20:50.211 [warning] [Decorations] CAPPING events from decorations provider vscode.git 254
2023-06-28 04:20:55.315 [warning] [Decorations] CAPPING events from decorations provider vscode.git 254
2023-06-28 04:21:00.431 [warning] [Decorations] CAPPING events from decorations provider vscode.git 254
2023-06-28 04:21:05.537 [warning] [Decorations] CAPPING events from decorations provider vscode.git 254
2023-06-28 04:21:10.638 [warning] [Decorations] CAPPING events from decorations provider vscode.git 254
2023-06-28 04:21:15.744 [warning] [Decorations] CAPPING events from decorations provider vscode.git 254
2023-06-28 04:21:20.842 [warning] [Decorations] CAPPING events from decorations provider vscode.git 254
2023-06-28 04:21:25.944 [warning] [Decorations] CAPPING events from decorations provider vscode.git 254
2023-06-28 04:21:31.044 [warning] [Decorations] CAPPING events from decorations provider vscode.git 254
2023-06-28 04:21:36.151 [warning] [Decorations] CAPPING events from decorations provider vscode.git 254
2023-06-28 04:21:41.257 [warning] [Decorations] CAPPING events from decorations provider vscode.git 254
2023-06-28 04:21:46.360 [warning] [Decorations] CAPPING events from decorations provider vscode.git 254
2023-06-28 04:21:51.456 [warning] [Decorations] CAPPING events from decorations provider vscode.git 254
2023-06-28 04:21:56.547 [warning] [Decorations] CAPPING events from decorations provider vscode.git 254
2023-06-28 04:22:01.659 [warning] [Decorations] CAPPING events from decorations provider vscode.git 254
2023-06-28 04:22:06.770 [warning] [Decorations] CAPPING events from decorations provider vscode.git 254
2023-06-28 04:22:11.871 [warning] [Decorations] CAPPING events from decorations provider vscode.git 254
2023-06-28 04:22:16.969 [warning] [Decorations] CAPPING events from decorations provider vscode.git 254
2023-06-28 04:22:22.069 [warning] [Decorations] CAPPING events from decorations provider vscode.git 254
2023-06-28 04:22:27.167 [warning] [Decorations] CAPPING events from decorations provider vscode.git 254
2023-06-28 04:22:32.266 [warning] [Decorations] CAPPING events from decorations provider vscode.git 254
2023-06-28 04:22:37.376 [warning] [Decorations] CAPPING events from decorations provider vscode.git 254
2023-06-28 04:22:42.474 [warning] [Decorations] CAPPING events from decorations provider vscode.git 254
2023-06-28 04:22:47.569 [warning] [Decorations] CAPPING events from decorations provider vscode.git 254
2023-06-28 04:22:52.666 [warning] [Decorations] CAPPING events from decorations provider vscode.git 254
2023-06-28 04:22:57.761 [warning] [Decorations] CAPPING events from decorations provider vscode.git 254
2023-06-28 04:23:02.869 [warning] [Decorations] CAPPING events from decorations provider vscode.git 254
2023-06-28 04:23:07.971 [warning] [Decorations] CAPPING events from decorations provider vscode.git 254
2023-06-28 04:23:13.079 [warning] [Decorations] CAPPING events from decorations provider vscode.git 254
2023-06-28 04:23:18.183 [warning] [Decorations] CAPPING events from decorations provider vscode.git 254
2023-06-28 04:23:23.282 [warning] [Decorations] CAPPING events from decorations provider vscode.git 254
2023-06-28 04:23:28.384 [warning] [Decorations] CAPPING events from decorations provider vscode.git 254
2023-06-28 04:23:33.478 [warning] [Decorations] CAPPING events from decorations provider vscode.git 254
2023-06-28 04:23:38.626 [warning] [Decorations] CAPPING events from decorations provider vscode.git 254
2023-06-28 04:23:43.747 [warning] [Decorations] CAPPING events from decorations provider vscode.git 254
2023-06-28 04:23:48.863 [warning] [Decorations] CAPPING events from decorations provider vscode.git 254
2023-06-28 04:23:53.980 [warning] [Decorations] CAPPING events from decorations provider vscode.git 254
2023-06-28 04:23:59.077 [warning] [Decorations] CAPPING events from decorations provider vscode.git 254
2023-06-28 04:24:04.175 [warning] [Decorations] CAPPING events from decorations provider vscode.git 254
2023-06-28 04:24:09.277 [warning] [Decorations] CAPPING events from decorations provider vscode.git 254
2023-06-28 04:24:14.383 [warning] [Decorations] CAPPING events from decorations provider vscode.git 254
2023-06-28 04:24:19.494 [warning] [Decorations] CAPPING events from decorations provider vscode.git 254
2023-06-28 04:24:24.604 [warning] [Decorations] CAPPING events from decorations provider vscode.git 254
2023-06-28 04:24:29.712 [warning] [Decorations] CAPPING events from decorations provider vscode.git 254
2023-06-28 04:24:34.827 [warning] [Decorations] CAPPING events from decorations provider vscode.git 254
2023-06-28 04:24:39.942 [warning] [Decorations] CAPPING events from decorations provider vscode.git 254
2023-06-28 04:24:45.043 [warning] [Decorations] CAPPING events from decorations provider vscode.git 254
2023-06-28 04:24:50.156 [warning] [Decorations] CAPPING events from decorations provider vscode.git 254
2023-06-28 04:24:55.265 [warning] [Decorations] CAPPING events from decorations provider vscode.git 254
2023-06-28 04:25:00.384 [warning] [Decorations] CAPPING events from decorations provider vscode.git 254
2023-06-28 04:25:05.494 [warning] [Decorations] CAPPING events from decorations provider vscode.git 254
2023-06-28 04:25:10.597 [warning] [Decorations] CAPPING events from decorations provider vscode.git 254
2023-06-28 04:25:15.705 [warning] [Decorations] CAPPING events from decorations provider vscode.git 254
2023-06-28 04:25:20.822 [warning] [Decorations] CAPPING events from decorations provider vscode.git 254
2023-06-28 04:25:25.926 [warning] [Decorations] CAPPING events from decorations provider vscode.git 254
2023-06-28 04:25:31.031 [warning] [Decorations] CAPPING events from decorations provider vscode.git 254
2023-06-28 04:25:36.140 [warning] [Decorations] CAPPING events from decorations provider vscode.git 254
2023-06-28 04:25:41.243 [warning] [Decorations] CAPPING events from decorations provider vscode.git 254
2023-06-28 04:25:46.348 [warning] [Decorations] CAPPING events from decorations provider vscode.git 254
2023-06-28 04:25:51.463 [warning] [Decorations] CAPPING events from decorations provider vscode.git 254
2023-06-28 04:25:56.582 [warning] [Decorations] CAPPING events from decorations provider vscode.git 254
2023-06-28 04:26:01.694 [warning] [Decorations] CAPPING events from decorations provider vscode.git 254
2023-06-28 04:26:06.809 [warning] [Decorations] CAPPING events from decorations provider vscode.git 254
2023-06-28 04:26:11.920 [warning] [Decorations] CAPPING events from decorations provider vscode.git 254
2023-06-28 04:26:17.019 [warning] [Decorations] CAPPING events from decorations provider vscode.git 254
2023-06-28 04:26:22.130 [warning] [Decorations] CAPPING events from decorations provider vscode.git 254
2023-06-28 04:26:27.242 [warning] [Decorations] CAPPING events from decorations provider vscode.git 254
2023-06-28 04:26:32.343 [warning] [Decorations] CAPPING events from decorations provider vscode.git 254
2023-06-28 04:26:37.453 [warning] [Decorations] CAPPING events from decorations provider vscode.git 254
2023-06-28 04:26:42.562 [warning] [Decorations] CAPPING events from decorations provider vscode.git 254
2023-06-28 04:26:47.670 [warning] [Decorations] CAPPING events from decorations provider vscode.git 254
2023-06-28 04:26:52.783 [warning] [Decorations] CAPPING events from decorations provider vscode.git 254
2023-06-28 04:26:57.885 [warning] [Decorations] CAPPING events from decorations provider vscode.git 254
2023-06-28 04:27:02.988 [warning] [Decorations] CAPPING events from decorations provider vscode.git 254
2023-06-28 04:27:08.093 [warning] [Decorations] CAPPING events from decorations provider vscode.git 254
2023-06-28 04:27:13.197 [warning] [Decorations] CAPPING events from decorations provider vscode.git 254
2023-06-28 04:27:18.309 [warning] [Decorations] CAPPING events from decorations provider vscode.git 254
2023-06-28 04:27:23.403 [warning] [Decorations] CAPPING events from decorations provider vscode.git 254
2023-06-28 04:27:28.503 [warning] [Decorations] CAPPING events from decorations provider vscode.git 254
2023-06-28 04:27:33.606 [warning] [Decorations] CAPPING events from decorations provider vscode.git 254
2023-06-28 04:27:38.709 [warning] [Decorations] CAPPING events from decorations provider vscode.git 254
2023-06-28 04:27:43.817 [warning] [Decorations] CAPPING events from decorations provider vscode.git 254
2023-06-28 04:27:48.912 [warning] [Decorations] CAPPING events from decorations provider vscode.git 254
2023-06-28 04:27:54.018 [warning] [Decorations] CAPPING events from decorations provider vscode.git 254
2023-06-28 04:27:59.116 [warning] [Decorations] CAPPING events from decorations provider vscode.git 254
2023-06-28 04:28:04.230 [warning] [Decorations] CAPPING events from decorations provider vscode.git 254
2023-06-28 04:28:09.333 [warning] [Decorations] CAPPING events from decorations provider vscode.git 254
2023-06-28 04:28:14.438 [warning] [Decorations] CAPPING events from decorations provider vscode.git 254
2023-06-28 04:28:19.557 [warning] [Decorations] CAPPING events from decorations provider vscode.git 254
2023-06-28 04:28:24.671 [warning] [Decorations] CAPPING events from decorations provider vscode.git 254
2023-06-28 04:28:29.779 [warning] [Decorations] CAPPING events from decorations provider vscode.git 254
2023-06-28 04:28:34.901 [warning] [Decorations] CAPPING events from decorations provider vscode.git 254
2023-06-28 04:28:40.010 [warning] [Decorations] CAPPING events from decorations provider vscode.git 254
2023-06-28 04:28:45.118 [warning] [Decorations] CAPPING events from decorations provider vscode.git 254
2023-06-28 04:28:50.225 [warning] [Decorations] CAPPING events from decorations provider vscode.git 254
2023-06-28 04:28:55.329 [warning] [Decorations] CAPPING events from decorations provider vscode.git 254
2023-06-28 04:29:00.430 [warning] [Decorations] CAPPING events from decorations provider vscode.git 254
2023-06-28 04:29:05.529 [warning] [Decorations] CAPPING events from decorations provider vscode.git 254
2023-06-28 04:29:10.641 [warning] [Decorations] CAPPING events from decorations provider vscode.git 254
2023-06-28 04:29:15.748 [warning] [Decorations] CAPPING events from decorations provider vscode.git 254
2023-06-28 04:29:20.844 [warning] [Decorations] CAPPING events from decorations provider vscode.git 254
2023-06-28 04:29:25.947 [warning] [Decorations] CAPPING events from decorations provider vscode.git 254
2023-06-28 04:29:31.048 [warning] [Decorations] CAPPING events from decorations provider vscode.git 254
2023-06-28 04:29:36.173 [warning] [Decorations] CAPPING events from decorations provider vscode.git 254
2023-06-28 04:29:41.276 [warning] [Decorations] CAPPING events from decorations provider vscode.git 254
2023-06-28 04:29:46.384 [warning] [Decorations] CAPPING events from decorations provider vscode.git 254
2023-06-28 04:29:51.495 [warning] [Decorations] CAPPING events from decorations provider vscode.git 254
2023-06-28 04:29:56.599 [warning] [Decorations] CAPPING events from decorations provider vscode.git 254
2023-06-28 04:30:01.708 [warning] [Decorations] CAPPING events from decorations provider vscode.git 254
2023-06-28 04:30:06.812 [warning] [Decorations] CAPPING events from decorations provider vscode.git 254
2023-06-28 04:30:11.923 [warning] [Decorations] CAPPING events from decorations provider vscode.git 254
2023-06-28 04:30:17.038 [warning] [Decorations] CAPPING events from decorations provider vscode.git 254
2023-06-28 04:30:22.139 [warning] [Decorations] CAPPING events from decorations provider vscode.git 254
2023-06-28 04:30:27.253 [warning] [Decorations] CAPPING events from decorations provider vscode.git 254
2023-06-28 04:30:32.358 [warning] [Decorations] CAPPING events from decorations provider vscode.git 254
2023-06-28 16:47:17.120 [warning] [Decorations] CAPPING events from decorations provider vscode.git 254
2023-06-28 16:47:22.181 [warning] [Decorations] CAPPING events from decorations provider vscode.git 254
2023-06-28 16:47:27.235 [warning] [Decorations] CAPPING events from decorations provider vscode.git 254
2023-06-28 16:47:32.296 [warning] [Decorations] CAPPING events from decorations provider vscode.git 254
2023-06-28 16:47:37.353 [warning] [Decorations] CAPPING events from decorations provider vscode.git 254
2023-06-28 16:47:42.415 [warning] [Decorations] CAPPING events from decorations provider vscode.git 254
2023-06-28 16:47:47.478 [warning] [Decorations] CAPPING events from decorations provider vscode.git 254
2023-06-28 16:47:52.537 [warning] [Decorations] CAPPING events from decorations provider vscode.git 254
2023-06-28 16:47:57.591 [warning] [Decorations] CAPPING events from decorations provider vscode.git 254
2023-06-28 16:48:02.728 [warning] [Decorations] CAPPING events from decorations provider vscode.git 254
2023-06-28 16:48:07.786 [warning] [Decorations] CAPPING events from decorations provider vscode.git 254
2023-06-28 16:48:12.846 [warning] [Decorations] CAPPING events from decorations provider vscode.git 254
2023-06-28 16:48:17.907 [warning] [Decorations] CAPPING events from decorations provider vscode.git 254
2023-06-28 16:48:22.977 [warning] [Decorations] CAPPING events from decorations provider vscode.git 254
2023-06-28 16:48:28.032 [warning] [Decorations] CAPPING events from decorations provider vscode.git 254
2023-06-28 16:48:33.095 [warning] [Decorations] CAPPING events from decorations provider vscode.git 254
2023-06-28 16:48:38.161 [warning] [Decorations] CAPPING events from decorations provider vscode.git 254
2023-06-28 16:48:43.223 [warning] [Decorations] CAPPING events from decorations provider vscode.git 254
2023-06-28 16:48:48.271 [warning] [Decorations] CAPPING events from decorations provider vscode.git 254
2023-06-28 16:48:53.336 [warning] [Decorations] CAPPING events from decorations provider vscode.git 254
2023-06-28 16:48:58.388 [warning] [Decorations] CAPPING events from decorations provider vscode.git 254
2023-06-28 16:49:03.437 [warning] [Decorations] CAPPING events from decorations provider vscode.git 254
2023-06-28 16:49:08.490 [warning] [Decorations] CAPPING events from decorations provider vscode.git 254
2023-06-28 16:49:13.542 [warning] [Decorations] CAPPING events from decorations provider vscode.git 254
2023-06-28 16:49:18.604 [warning] [Decorations] CAPPING events from decorations provider vscode.git 254
2023-06-28 16:49:23.656 [warning] [Decorations] CAPPING events from decorations provider vscode.git 254
2023-06-28 16:49:28.711 [warning] [Decorations] CAPPING events from decorations provider vscode.git 254
2023-06-28 16:49:33.766 [warning] [Decorations] CAPPING events from decorations provider vscode.git 254
2023-06-28 16:49:38.823 [warning] [Decorations] CAPPING events from decorations provider vscode.git 254
                                                                                                        